build/app/intermediates/manifest_merge_blame_file/debug/manifest-merger-blame-debug-report.txt
1<?xml version="1.0" encoding="utf-8"?>
2<manifest xmlns:android="http://schemas.android.com/apk/res/android"
3    package="com.quran.iqra"
4    android:versionCode="8"
5    android:versionName="1.0" >
6
7    <uses-sdk
8        android:minSdkVersion="21"
9        android:targetSdkVersion="34" />
10    <!--
11         The INTERNET permission is required for development. Specifically,
12         the Flutter tool needs it to communicate with the running application
13         to allow setting breakpoints, to provide hot reload, etc.
14    -->
15    <uses-permission android:name="android.permission.INTERNET" />
15-->src\main\AndroidManifest.xml:7:5-67
15-->src\main\AndroidManifest.xml:7:22-64
16    <uses-permission android:name="android.permission.VIBRATE" />
16-->src\main\AndroidManifest.xml:4:5-65
16-->src\main\AndroidManifest.xml:4:22-63
17    <uses-permission android:name="android.permission.ACCESS_FINE_LOCATION" />
17-->src\main\AndroidManifest.xml:5:5-79
17-->src\main\AndroidManifest.xml:5:22-76
18    <uses-permission android:name="android.permission.ACCESS_COARSE_LOCATION" />
18-->src\main\AndroidManifest.xml:6:5-81
18-->src\main\AndroidManifest.xml:6:22-78
19    <uses-permission android:name="android.permission.RECEIVE_BOOT_COMPLETED" />
19-->src\main\AndroidManifest.xml:8:5-80
19-->src\main\AndroidManifest.xml:8:22-78
20    <uses-permission android:name="android.permission.USE_EXACT_ALARM" />
20-->src\main\AndroidManifest.xml:9:5-74
20-->src\main\AndroidManifest.xml:9:22-71
21    <uses-permission android:name="android.permission.SCHEDULE_EXACT_ALARM" />
21-->src\main\AndroidManifest.xml:10:5-79
21-->src\main\AndroidManifest.xml:10:22-76
22    <!--
23 <uses-permission android:name="android.permission.SCHEDULE_EXACT_ALARM"
24    android:maxSdkVersion="32" />
25    -->
26    <uses-permission android:name="android.permission.POST_NOTIFICATIONS" />
26-->src\main\AndroidManifest.xml:13:5-76
26-->src\main\AndroidManifest.xml:13:22-74
27
28    <queries>
28-->src\main\AndroidManifest.xml:47:5-52:15
29        <intent>
29-->src\main\AndroidManifest.xml:48:9-51:18
30            <action android:name="android.intent.action.PROCESS_TEXT" />
30-->src\main\AndroidManifest.xml:49:13-72
30-->src\main\AndroidManifest.xml:49:21-70
31
32            <data android:mimeType="text/plain" />
32-->src\main\AndroidManifest.xml:50:13-50
32-->src\main\AndroidManifest.xml:50:19-48
33        </intent>
34        <intent>
34-->[:flutter_inappwebview_android] AndroidManifest.xml:10:9-12:18
35            <action android:name="android.support.customtabs.action.CustomTabsService" />
35-->[:flutter_inappwebview_android] AndroidManifest.xml:11:13-90
35-->[:flutter_inappwebview_android] AndroidManifest.xml:11:21-87
36        </intent>
37    </queries> <!-- Although the *SdkVersion is captured in gradle build files, this is required for non gradle builds -->
38    <!-- <uses-sdk android:minSdkVersion="21"/> -->
39    <uses-permission android:name="android.permission.ACCESS_NETWORK_STATE" />
39-->[com.google.firebase:firebase-storage:21.0.0] AndroidManifest.xml:23:5-79
39-->[com.google.firebase:firebase-storage:21.0.0] AndroidManifest.xml:23:22-76
40    <uses-permission android:name="android.permission.WAKE_LOCK" />
40-->[com.google.android.gms:play-services-measurement-api:22.1.0] AndroidManifest.xml:24:5-68
40-->[com.google.android.gms:play-services-measurement-api:22.1.0] AndroidManifest.xml:24:22-65
41    <uses-permission android:name="com.google.android.gms.permission.AD_ID" />
41-->[com.google.android.gms:play-services-measurement-api:22.1.0] AndroidManifest.xml:25:5-79
41-->[com.google.android.gms:play-services-measurement-api:22.1.0] AndroidManifest.xml:25:22-76
42    <uses-permission android:name="android.permission.ACCESS_ADSERVICES_ATTRIBUTION" />
42-->[com.google.android.gms:play-services-measurement-api:22.1.0] AndroidManifest.xml:26:5-88
42-->[com.google.android.gms:play-services-measurement-api:22.1.0] AndroidManifest.xml:26:22-85
43    <uses-permission android:name="android.permission.ACCESS_ADSERVICES_AD_ID" />
43-->[com.google.android.gms:play-services-measurement-api:22.1.0] AndroidManifest.xml:27:5-82
43-->[com.google.android.gms:play-services-measurement-api:22.1.0] AndroidManifest.xml:27:22-79
44    <uses-permission android:name="com.google.android.finsky.permission.BIND_GET_INSTALL_REFERRER_SERVICE" />
44-->[com.google.android.gms:play-services-measurement:22.1.0] AndroidManifest.xml:26:5-110
44-->[com.google.android.gms:play-services-measurement:22.1.0] AndroidManifest.xml:26:22-107
45
46    <permission
46-->[androidx.core:core:1.13.1] AndroidManifest.xml:22:5-24:47
47        android:name="com.quran.iqra.DYNAMIC_RECEIVER_NOT_EXPORTED_PERMISSION"
47-->[androidx.core:core:1.13.1] AndroidManifest.xml:23:9-81
48        android:protectionLevel="signature" />
48-->[androidx.core:core:1.13.1] AndroidManifest.xml:24:9-44
49
50    <uses-permission android:name="com.quran.iqra.DYNAMIC_RECEIVER_NOT_EXPORTED_PERMISSION" />
50-->[androidx.core:core:1.13.1] AndroidManifest.xml:26:5-97
50-->[androidx.core:core:1.13.1] AndroidManifest.xml:26:22-94
51
52    <application
52-->src\main\AndroidManifest.xml:15:5-46:19
53        android:appComponentFactory="androidx.core.app.CoreComponentFactory"
53-->[androidx.core:core:1.13.1] AndroidManifest.xml:28:18-86
54        android:debuggable="true"
55        android:icon="@mipmap/app_icon"
55-->src\main\AndroidManifest.xml:17:9-40
56        android:label="Iqra" >
56-->src\main\AndroidManifest.xml:16:9-29
57        <receiver
57-->src\main\AndroidManifest.xml:18:9-131
58            android:name="com.dexterous.flutterlocalnotifications.ScheduledNotificationReceiver"
58-->src\main\AndroidManifest.xml:18:44-128
59            android:exported="false" />
59-->src\main\AndroidManifest.xml:18:19-43
60        <receiver
60-->src\main\AndroidManifest.xml:19:9-26:20
61            android:name="com.dexterous.flutterlocalnotifications.ScheduledNotificationBootReceiver"
61-->src\main\AndroidManifest.xml:19:44-132
62            android:exported="false" >
62-->src\main\AndroidManifest.xml:19:19-43
63            <intent-filter>
63-->src\main\AndroidManifest.xml:20:13-25:29
64                <action android:name="android.intent.action.BOOT_COMPLETED" />
64-->src\main\AndroidManifest.xml:21:17-78
64-->src\main\AndroidManifest.xml:21:25-76
65                <action android:name="android.intent.action.MY_PACKAGE_REPLACED" />
65-->src\main\AndroidManifest.xml:22:17-83
65-->src\main\AndroidManifest.xml:22:25-81
66                <action android:name="android.intent.action.QUICKBOOT_POWERON" />
66-->src\main\AndroidManifest.xml:23:17-82
66-->src\main\AndroidManifest.xml:23:25-79
67                <action android:name="com.htc.intent.action.QUICKBOOT_POWERON" />
67-->src\main\AndroidManifest.xml:24:17-81
67-->src\main\AndroidManifest.xml:24:25-79
68            </intent-filter>
69        </receiver>
70
71        <activity
71-->src\main\AndroidManifest.xml:27:9-42:20
72            android:name="com.quran.iqra.MainActivity"
72-->src\main\AndroidManifest.xml:28:13-41
73            android:configChanges="orientation|keyboardHidden|keyboard|screenSize|smallestScreenSize|locale|layoutDirection|fontScale|screenLayout|density|uiMode"
73-->src\main\AndroidManifest.xml:32:13-163
74            android:exported="true"
74-->src\main\AndroidManifest.xml:29:13-36
75            android:hardwareAccelerated="true"
75-->src\main\AndroidManifest.xml:33:13-47
76            android:launchMode="singleTop"
76-->src\main\AndroidManifest.xml:30:13-43
77            android:theme="@style/LaunchTheme"
77-->src\main\AndroidManifest.xml:31:13-47
78            android:windowSoftInputMode="adjustResize" >
78-->src\main\AndroidManifest.xml:34:13-55
79            <meta-data
79-->src\main\AndroidManifest.xml:35:13-37:56
80                android:name="io.flutter.embedding.android.NormalTheme"
80-->src\main\AndroidManifest.xml:36:17-72
81                android:resource="@style/NormalTheme" />
81-->src\main\AndroidManifest.xml:37:17-54
82
83            <intent-filter>
83-->src\main\AndroidManifest.xml:38:13-41:29
84                <action android:name="android.intent.action.MAIN" />
84-->src\main\AndroidManifest.xml:39:17-68
84-->src\main\AndroidManifest.xml:39:25-66
85
86                <category android:name="android.intent.category.LAUNCHER" />
86-->src\main\AndroidManifest.xml:40:17-76
86-->src\main\AndroidManifest.xml:40:27-74
87            </intent-filter>
88        </activity>
89
90        <meta-data
90-->src\main\AndroidManifest.xml:43:9-45:33
91            android:name="flutterEmbedding"
91-->src\main\AndroidManifest.xml:44:13-44
92            android:value="2" />
92-->src\main\AndroidManifest.xml:45:13-30
93
94        <service
94-->[:firebase_storage] AndroidManifest.xml:10:9-14:19
95            android:name="com.google.firebase.components.ComponentDiscoveryService"
95-->[:firebase_storage] AndroidManifest.xml:10:18-89
96            android:directBootAware="true"
96-->[com.google.firebase:firebase-common:21.0.0] AndroidManifest.xml:32:13-43
97            android:exported="false" >
97-->[com.google.firebase:firebase-storage:21.0.0] AndroidManifest.xml:29:13-37
98            <meta-data
98-->[:firebase_storage] AndroidManifest.xml:11:13-13:85
99                android:name="com.google.firebase.components:io.flutter.plugins.firebase.storage.FlutterFirebaseAppRegistrar"
99-->[:firebase_storage] AndroidManifest.xml:12:17-126
100                android:value="com.google.firebase.components.ComponentRegistrar" />
100-->[:firebase_storage] AndroidManifest.xml:13:17-82
101            <meta-data
101-->[:firebase_core] AndroidManifest.xml:11:13-13:85
102                android:name="com.google.firebase.components:io.flutter.plugins.firebase.core.FlutterFirebaseCoreRegistrar"
102-->[:firebase_core] AndroidManifest.xml:12:17-124
103                android:value="com.google.firebase.components.ComponentRegistrar" />
103-->[:firebase_core] AndroidManifest.xml:13:17-82
104            <meta-data
104-->[com.google.firebase:firebase-storage:21.0.0] AndroidManifest.xml:30:13-32:85
105                android:name="com.google.firebase.components:com.google.firebase.storage.FirebaseStorageKtxRegistrar"
105-->[com.google.firebase:firebase-storage:21.0.0] AndroidManifest.xml:31:17-118
106                android:value="com.google.firebase.components.ComponentRegistrar" />
106-->[com.google.firebase:firebase-storage:21.0.0] AndroidManifest.xml:32:17-82
107            <meta-data
107-->[com.google.firebase:firebase-storage:21.0.0] AndroidManifest.xml:33:13-35:85
108                android:name="com.google.firebase.components:com.google.firebase.storage.StorageRegistrar"
108-->[com.google.firebase:firebase-storage:21.0.0] AndroidManifest.xml:34:17-107
109                android:value="com.google.firebase.components.ComponentRegistrar" />
109-->[com.google.firebase:firebase-storage:21.0.0] AndroidManifest.xml:35:17-82
110            <meta-data
110-->[com.google.android.gms:play-services-measurement-api:22.1.0] AndroidManifest.xml:37:13-39:85
111                android:name="com.google.firebase.components:com.google.firebase.analytics.connector.internal.AnalyticsConnectorRegistrar"
111-->[com.google.android.gms:play-services-measurement-api:22.1.0] AndroidManifest.xml:38:17-139
112                android:value="com.google.firebase.components.ComponentRegistrar" />
112-->[com.google.android.gms:play-services-measurement-api:22.1.0] AndroidManifest.xml:39:17-82
113            <meta-data
113-->[com.google.firebase:firebase-appcheck:18.0.0] AndroidManifest.xml:25:13-27:85
114                android:name="com.google.firebase.components:com.google.firebase.appcheck.FirebaseAppCheckKtxRegistrar"
114-->[com.google.firebase:firebase-appcheck:18.0.0] AndroidManifest.xml:26:17-120
115                android:value="com.google.firebase.components.ComponentRegistrar" />
115-->[com.google.firebase:firebase-appcheck:18.0.0] AndroidManifest.xml:27:17-82
116            <meta-data
116-->[com.google.firebase:firebase-appcheck:18.0.0] AndroidManifest.xml:28:13-30:85
117                android:name="com.google.firebase.components:com.google.firebase.appcheck.FirebaseAppCheckRegistrar"
117-->[com.google.firebase:firebase-appcheck:18.0.0] AndroidManifest.xml:29:17-117
118                android:value="com.google.firebase.components.ComponentRegistrar" />
118-->[com.google.firebase:firebase-appcheck:18.0.0] AndroidManifest.xml:30:17-82
119            <meta-data
119-->[com.google.firebase:firebase-installations:18.0.0] AndroidManifest.xml:15:13-17:85
120                android:name="com.google.firebase.components:com.google.firebase.installations.FirebaseInstallationsKtxRegistrar"
120-->[com.google.firebase:firebase-installations:18.0.0] AndroidManifest.xml:16:17-130
121                android:value="com.google.firebase.components.ComponentRegistrar" />
121-->[com.google.firebase:firebase-installations:18.0.0] AndroidManifest.xml:17:17-82
122            <meta-data
122-->[com.google.firebase:firebase-installations:18.0.0] AndroidManifest.xml:18:13-20:85
123                android:name="com.google.firebase.components:com.google.firebase.installations.FirebaseInstallationsRegistrar"
123-->[com.google.firebase:firebase-installations:18.0.0] AndroidManifest.xml:19:17-127
124                android:value="com.google.firebase.components.ComponentRegistrar" />
124-->[com.google.firebase:firebase-installations:18.0.0] AndroidManifest.xml:20:17-82
125            <meta-data
125-->[com.google.firebase:firebase-common-ktx:21.0.0] AndroidManifest.xml:12:13-14:85
126                android:name="com.google.firebase.components:com.google.firebase.ktx.FirebaseCommonLegacyRegistrar"
126-->[com.google.firebase:firebase-common-ktx:21.0.0] AndroidManifest.xml:13:17-116
127                android:value="com.google.firebase.components.ComponentRegistrar" />
127-->[com.google.firebase:firebase-common-ktx:21.0.0] AndroidManifest.xml:14:17-82
128            <meta-data
128-->[com.google.firebase:firebase-appcheck-playintegrity:18.0.0] AndroidManifest.xml:25:13-27:85
129                android:name="com.google.firebase.components:com.google.firebase.appcheck.playintegrity.FirebaseAppCheckPlayIntegrityRegistrar"
129-->[com.google.firebase:firebase-appcheck-playintegrity:18.0.0] AndroidManifest.xml:26:17-144
130                android:value="com.google.firebase.components.ComponentRegistrar" />
130-->[com.google.firebase:firebase-appcheck-playintegrity:18.0.0] AndroidManifest.xml:27:17-82
131            <meta-data
131-->[com.google.firebase:firebase-common:21.0.0] AndroidManifest.xml:35:13-37:85
132                android:name="com.google.firebase.components:com.google.firebase.FirebaseCommonKtxRegistrar"
132-->[com.google.firebase:firebase-common:21.0.0] AndroidManifest.xml:36:17-109
133                android:value="com.google.firebase.components.ComponentRegistrar" />
133-->[com.google.firebase:firebase-common:21.0.0] AndroidManifest.xml:37:17-82
134        </service>
135
136        <activity
136-->[:flutter_inappwebview_android] AndroidManifest.xml:16:9-20:47
137            android:name="com.pichillilorenzo.flutter_inappwebview_android.in_app_browser.InAppBrowserActivity"
137-->[:flutter_inappwebview_android] AndroidManifest.xml:17:13-112
138            android:configChanges="orientation|keyboardHidden|keyboard|screenSize|locale|layoutDirection|fontScale|screenLayout|density"
138-->[:flutter_inappwebview_android] AndroidManifest.xml:18:13-137
139            android:exported="false"
139-->[:flutter_inappwebview_android] AndroidManifest.xml:19:13-37
140            android:theme="@style/AppTheme" />
140-->[:flutter_inappwebview_android] AndroidManifest.xml:20:13-44
141        <activity
141-->[:flutter_inappwebview_android] AndroidManifest.xml:21:9-24:55
142            android:name="com.pichillilorenzo.flutter_inappwebview_android.chrome_custom_tabs.ChromeCustomTabsActivity"
142-->[:flutter_inappwebview_android] AndroidManifest.xml:22:13-120
143            android:exported="false"
143-->[:flutter_inappwebview_android] AndroidManifest.xml:23:13-37
144            android:theme="@style/ThemeTransparent" />
144-->[:flutter_inappwebview_android] AndroidManifest.xml:24:13-52
145        <activity
145-->[:flutter_inappwebview_android] AndroidManifest.xml:25:9-28:55
146            android:name="com.pichillilorenzo.flutter_inappwebview_android.chrome_custom_tabs.TrustedWebActivity"
146-->[:flutter_inappwebview_android] AndroidManifest.xml:26:13-114
147            android:exported="false"
147-->[:flutter_inappwebview_android] AndroidManifest.xml:27:13-37
148            android:theme="@style/ThemeTransparent" />
148-->[:flutter_inappwebview_android] AndroidManifest.xml:28:13-52
149        <activity
149-->[:flutter_inappwebview_android] AndroidManifest.xml:29:9-33:55
150            android:name="com.pichillilorenzo.flutter_inappwebview_android.chrome_custom_tabs.ChromeCustomTabsActivitySingleInstance"
150-->[:flutter_inappwebview_android] AndroidManifest.xml:30:13-134
151            android:exported="false"
151-->[:flutter_inappwebview_android] AndroidManifest.xml:31:13-37
152            android:launchMode="singleInstance"
152-->[:flutter_inappwebview_android] AndroidManifest.xml:32:13-48
153            android:theme="@style/ThemeTransparent" />
153-->[:flutter_inappwebview_android] AndroidManifest.xml:33:13-52
154        <activity
154-->[:flutter_inappwebview_android] AndroidManifest.xml:34:9-38:55
155            android:name="com.pichillilorenzo.flutter_inappwebview_android.chrome_custom_tabs.TrustedWebActivitySingleInstance"
155-->[:flutter_inappwebview_android] AndroidManifest.xml:35:13-128
156            android:exported="false"
156-->[:flutter_inappwebview_android] AndroidManifest.xml:36:13-37
157            android:launchMode="singleInstance"
157-->[:flutter_inappwebview_android] AndroidManifest.xml:37:13-48
158            android:theme="@style/ThemeTransparent" />
158-->[:flutter_inappwebview_android] AndroidManifest.xml:38:13-52
159
160        <receiver
160-->[:flutter_inappwebview_android] AndroidManifest.xml:40:9-43:40
161            android:name="com.pichillilorenzo.flutter_inappwebview_android.chrome_custom_tabs.ActionBroadcastReceiver"
161-->[:flutter_inappwebview_android] AndroidManifest.xml:41:13-119
162            android:enabled="true"
162-->[:flutter_inappwebview_android] AndroidManifest.xml:42:13-35
163            android:exported="false" />
163-->[:flutter_inappwebview_android] AndroidManifest.xml:43:13-37
164
165        <meta-data
165-->[:flutter_inappwebview_android] AndroidManifest.xml:45:9-47:36
166            android:name="io.flutter.embedded_views_preview"
166-->[:flutter_inappwebview_android] AndroidManifest.xml:46:13-61
167            android:value="true" />
167-->[:flutter_inappwebview_android] AndroidManifest.xml:47:13-33
168
169        <service
169-->[:geolocator_android] AndroidManifest.xml:10:9-14:56
170            android:name="com.baseflow.geolocator.GeolocatorLocationService"
170-->[:geolocator_android] AndroidManifest.xml:11:13-77
171            android:enabled="true"
171-->[:geolocator_android] AndroidManifest.xml:12:13-35
172            android:exported="false"
172-->[:geolocator_android] AndroidManifest.xml:13:13-37
173            android:foregroundServiceType="location" />
173-->[:geolocator_android] AndroidManifest.xml:14:13-53
174        <!--
175           Declares a provider which allows us to store files to share in
176           '.../caches/share_plus' and grant the receiving action access
177        -->
178        <provider
178-->[:share_plus] AndroidManifest.xml:15:9-23:20
179            android:name="dev.fluttercommunity.plus.share.ShareFileProvider"
179-->[:share_plus] AndroidManifest.xml:16:13-77
180            android:authorities="com.quran.iqra.flutter.share_provider"
180-->[:share_plus] AndroidManifest.xml:17:13-74
181            android:exported="false"
181-->[:share_plus] AndroidManifest.xml:18:13-37
182            android:grantUriPermissions="true" >
182-->[:share_plus] AndroidManifest.xml:19:13-47
183            <meta-data
183-->[:share_plus] AndroidManifest.xml:20:13-22:68
184                android:name="android.support.FILE_PROVIDER_PATHS"
184-->[:share_plus] AndroidManifest.xml:21:17-67
185                android:resource="@xml/flutter_share_file_paths" />
185-->[:share_plus] AndroidManifest.xml:22:17-65
186        </provider>
187        <!--
188           This manifest declared broadcast receiver allows us to use an explicit
189           Intent when creating a PendingItent to be informed of the user's choice
190        -->
191        <receiver
191-->[:share_plus] AndroidManifest.xml:28:9-34:20
192            android:name="dev.fluttercommunity.plus.share.SharePlusPendingIntent"
192-->[:share_plus] AndroidManifest.xml:29:13-82
193            android:exported="false" >
193-->[:share_plus] AndroidManifest.xml:30:13-37
194            <intent-filter>
194-->[:share_plus] AndroidManifest.xml:31:13-33:29
195                <action android:name="EXTRA_CHOSEN_COMPONENT" />
195-->[:share_plus] AndroidManifest.xml:32:17-65
195-->[:share_plus] AndroidManifest.xml:32:25-62
196            </intent-filter>
197        </receiver>
198
199        <activity
199-->[:url_launcher_android] AndroidManifest.xml:10:9-13:74
200            android:name="io.flutter.plugins.urllauncher.WebViewActivity"
200-->[:url_launcher_android] AndroidManifest.xml:11:13-74
201            android:exported="false"
201-->[:url_launcher_android] AndroidManifest.xml:12:13-37
202            android:theme="@android:style/Theme.NoTitleBar.Fullscreen" />
202-->[:url_launcher_android] AndroidManifest.xml:13:13-71
203
204        <property
204-->[com.google.android.gms:play-services-measurement-api:22.1.0] AndroidManifest.xml:30:9-32:61
205            android:name="android.adservices.AD_SERVICES_CONFIG"
205-->[com.google.android.gms:play-services-measurement-api:22.1.0] AndroidManifest.xml:31:13-65
206            android:resource="@xml/ga_ad_services_config" />
206-->[com.google.android.gms:play-services-measurement-api:22.1.0] AndroidManifest.xml:32:13-58
207
208        <activity
208-->[com.google.android.gms:play-services-base:18.3.0] AndroidManifest.xml:20:9-22:45
209            android:name="com.google.android.gms.common.api.GoogleApiActivity"
209-->[com.google.android.gms:play-services-base:18.3.0] AndroidManifest.xml:20:19-85
210            android:exported="false"
210-->[com.google.android.gms:play-services-base:18.3.0] AndroidManifest.xml:22:19-43
211            android:theme="@android:style/Theme.Translucent.NoTitleBar" />
211-->[com.google.android.gms:play-services-base:18.3.0] AndroidManifest.xml:21:19-78
212
213        <provider
213-->[com.google.firebase:firebase-common:21.0.0] AndroidManifest.xml:23:9-28:39
214            android:name="com.google.firebase.provider.FirebaseInitProvider"
214-->[com.google.firebase:firebase-common:21.0.0] AndroidManifest.xml:24:13-77
215            android:authorities="com.quran.iqra.firebaseinitprovider"
215-->[com.google.firebase:firebase-common:21.0.0] AndroidManifest.xml:25:13-72
216            android:directBootAware="true"
216-->[com.google.firebase:firebase-common:21.0.0] AndroidManifest.xml:26:13-43
217            android:exported="false"
217-->[com.google.firebase:firebase-common:21.0.0] AndroidManifest.xml:27:13-37
218            android:initOrder="100" />
218-->[com.google.firebase:firebase-common:21.0.0] AndroidManifest.xml:28:13-36
219
220        <receiver
220-->[com.google.android.gms:play-services-measurement:22.1.0] AndroidManifest.xml:29:9-33:20
221            android:name="com.google.android.gms.measurement.AppMeasurementReceiver"
221-->[com.google.android.gms:play-services-measurement:22.1.0] AndroidManifest.xml:30:13-85
222            android:enabled="true"
222-->[com.google.android.gms:play-services-measurement:22.1.0] AndroidManifest.xml:31:13-35
223            android:exported="false" >
223-->[com.google.android.gms:play-services-measurement:22.1.0] AndroidManifest.xml:32:13-37
224        </receiver>
225
226        <service
226-->[com.google.android.gms:play-services-measurement:22.1.0] AndroidManifest.xml:35:9-38:40
227            android:name="com.google.android.gms.measurement.AppMeasurementService"
227-->[com.google.android.gms:play-services-measurement:22.1.0] AndroidManifest.xml:36:13-84
228            android:enabled="true"
228-->[com.google.android.gms:play-services-measurement:22.1.0] AndroidManifest.xml:37:13-35
229            android:exported="false" />
229-->[com.google.android.gms:play-services-measurement:22.1.0] AndroidManifest.xml:38:13-37
230        <service
230-->[com.google.android.gms:play-services-measurement:22.1.0] AndroidManifest.xml:39:9-43:72
231            android:name="com.google.android.gms.measurement.AppMeasurementJobService"
231-->[com.google.android.gms:play-services-measurement:22.1.0] AndroidManifest.xml:40:13-87
232            android:enabled="true"
232-->[com.google.android.gms:play-services-measurement:22.1.0] AndroidManifest.xml:41:13-35
233            android:exported="false"
233-->[com.google.android.gms:play-services-measurement:22.1.0] AndroidManifest.xml:42:13-37
234            android:permission="android.permission.BIND_JOB_SERVICE" />
234-->[com.google.android.gms:play-services-measurement:22.1.0] AndroidManifest.xml:43:13-69
235
236        <uses-library
236-->[androidx.window:window:1.2.0] AndroidManifest.xml:23:9-25:40
237            android:name="androidx.window.extensions"
237-->[androidx.window:window:1.2.0] AndroidManifest.xml:24:13-54
238            android:required="false" />
238-->[androidx.window:window:1.2.0] AndroidManifest.xml:25:13-37
239        <uses-library
239-->[androidx.window:window:1.2.0] AndroidManifest.xml:26:9-28:40
240            android:name="androidx.window.sidecar"
240-->[androidx.window:window:1.2.0] AndroidManifest.xml:27:13-51
241            android:required="false" />
241-->[androidx.window:window:1.2.0] AndroidManifest.xml:28:13-37
242        <uses-library
242-->[androidx.privacysandbox.ads:ads-adservices:1.0.0-beta05] AndroidManifest.xml:23:9-25:40
243            android:name="android.ext.adservices"
243-->[androidx.privacysandbox.ads:ads-adservices:1.0.0-beta05] AndroidManifest.xml:24:13-50
244            android:required="false" />
244-->[androidx.privacysandbox.ads:ads-adservices:1.0.0-beta05] AndroidManifest.xml:25:13-37
245
246        <meta-data
246-->[com.google.android.gms:play-services-basement:18.4.0] AndroidManifest.xml:6:9-122
247            android:name="com.google.android.gms.version"
247-->[com.google.android.gms:play-services-basement:18.4.0] AndroidManifest.xml:6:20-65
248            android:value="@integer/google_play_services_version" />
248-->[com.google.android.gms:play-services-basement:18.4.0] AndroidManifest.xml:6:66-119
249
250        <provider
250-->[androidx.emoji2:emoji2:1.2.0] AndroidManifest.xml:24:9-32:20
251            android:name="androidx.startup.InitializationProvider"
251-->[androidx.emoji2:emoji2:1.2.0] AndroidManifest.xml:25:13-67
252            android:authorities="com.quran.iqra.androidx-startup"
252-->[androidx.emoji2:emoji2:1.2.0] AndroidManifest.xml:26:13-68
253            android:exported="false" >
253-->[androidx.emoji2:emoji2:1.2.0] AndroidManifest.xml:27:13-37
254            <meta-data
254-->[androidx.emoji2:emoji2:1.2.0] AndroidManifest.xml:29:13-31:52
255                android:name="androidx.emoji2.text.EmojiCompatInitializer"
255-->[androidx.emoji2:emoji2:1.2.0] AndroidManifest.xml:30:17-75
256                android:value="androidx.startup" />
256-->[androidx.emoji2:emoji2:1.2.0] AndroidManifest.xml:31:17-49
257            <meta-data
257-->[androidx.lifecycle:lifecycle-process:2.7.0] AndroidManifest.xml:29:13-31:52
258                android:name="androidx.lifecycle.ProcessLifecycleInitializer"
258-->[androidx.lifecycle:lifecycle-process:2.7.0] AndroidManifest.xml:30:17-78
259                android:value="androidx.startup" />
259-->[androidx.lifecycle:lifecycle-process:2.7.0] AndroidManifest.xml:31:17-49
260            <meta-data
260-->[androidx.profileinstaller:profileinstaller:1.3.1] AndroidManifest.xml:29:13-31:52
261                android:name="androidx.profileinstaller.ProfileInstallerInitializer"
261-->[androidx.profileinstaller:profileinstaller:1.3.1] AndroidManifest.xml:30:17-85
262                android:value="androidx.startup" />
262-->[androidx.profileinstaller:profileinstaller:1.3.1] AndroidManifest.xml:31:17-49
263        </provider>
264
265        <receiver
265-->[androidx.profileinstaller:profileinstaller:1.3.1] AndroidManifest.xml:34:9-52:20
266            android:name="androidx.profileinstaller.ProfileInstallReceiver"
266-->[androidx.profileinstaller:profileinstaller:1.3.1] AndroidManifest.xml:35:13-76
267            android:directBootAware="false"
267-->[androidx.profileinstaller:profileinstaller:1.3.1] AndroidManifest.xml:36:13-44
268            android:enabled="true"
268-->[androidx.profileinstaller:profileinstaller:1.3.1] AndroidManifest.xml:37:13-35
269            android:exported="true"
269-->[androidx.profileinstaller:profileinstaller:1.3.1] AndroidManifest.xml:38:13-36
270            android:permission="android.permission.DUMP" >
270-->[androidx.profileinstaller:profileinstaller:1.3.1] AndroidManifest.xml:39:13-57
271            <intent-filter>
271-->[androidx.profileinstaller:profileinstaller:1.3.1] AndroidManifest.xml:40:13-42:29
272                <action android:name="androidx.profileinstaller.action.INSTALL_PROFILE" />
272-->[androidx.profileinstaller:profileinstaller:1.3.1] AndroidManifest.xml:41:17-91
272-->[androidx.profileinstaller:profileinstaller:1.3.1] AndroidManifest.xml:41:25-88
273            </intent-filter>
274            <intent-filter>
274-->[androidx.profileinstaller:profileinstaller:1.3.1] AndroidManifest.xml:43:13-45:29
275                <action android:name="androidx.profileinstaller.action.SKIP_FILE" />